<?xml version="1.0" encoding="UTF-8"?>
<!-- Generated by org.testng.reporters.JUnitReportReporter -->
<testsuite hostname="Vishal-ASUS" failures="0" tests="4" name="testSuite.ProductCatalogPageTest" time="14.386" errors="0" timestamp="2024-07-26T12:01:51 IST" skipped="0">
  <testcase classname="testSuite.ProductCatalogPageTest" name="checkBlinkText" time="3.482"/>
  <testcase classname="testSuite.ProductCatalogPageTest" name="checkBlinkText" time="3.882"/>
  <testcase classname="testSuite.ProductCatalogPageTest" name="checkBlinkText" time="3.549"/>
  <testcase classname="testSuite.ProductCatalogPageTest" name="checkBlinkText" time="3.473"/>
</testsuite> <!-- testSuite.ProductCatalogPageTest -->
