<?xml version="1.0" encoding="UTF-8"?>
<!-- Generated by org.testng.reporters.JUnitReportReporter -->
<testsuite hostname="Vishal-ASUS" failures="0" tests="4" name="testSuite.E2ETests" time="80.720" errors="0" timestamp="2024-07-26T12:01:51 IST" skipped="0">
  <testcase classname="testSuite.E2ETests" name="PurchasemultipleProduct" time="20.333"/>
  <testcase classname="testSuite.E2ETests" name="PurchasemultipleProduct" time="19.605"/>
  <testcase classname="testSuite.E2ETests" name="PurchasemultipleProduct" time="20.447"/>
  <testcase classname="testSuite.E2ETests" name="PurchasemultipleProduct" time="20.335"/>
</testsuite> <!-- testSuite.E2ETests -->
