<?xml version="1.0" encoding="UTF-8"?>
<!-- Generated by org.testng.reporters.JUnitReportReporter -->
<testsuite hostname="Vishal-ASUS" failures="0" tests="2" name="testSuite.ProductCatalogPageTest" time="7.231" errors="0" timestamp="2024-07-26T08:05:25 IST" skipped="0">
  <testcase classname="testSuite.ProductCatalogPageTest" name="checkBlinkText" time="3.567"/>
  <testcase classname="testSuite.ProductCatalogPageTest" name="checkBlinkText" time="3.664"/>
</testsuite> <!-- testSuite.ProductCatalogPageTest -->
