<?xml version="1.0" encoding="UTF-8"?>
<!-- Generated by org.testng.reporters.JUnitReportReporter -->
<testsuite hostname="Vishal-ASUS" failures="0" tests="1" name="testSuite.LandingPageTests" time="3.387" errors="0" timestamp="2024-07-26T12:01:51 IST" skipped="0">
  <testcase classname="testSuite.LandingPageTests" name="errorMessageonLoginTest" time="3.387"/>
</testsuite> <!-- testSuite.LandingPageTests -->
