<?xml version="1.0" encoding="UTF-8"?>
<!-- Generated by org.testng.reporters.JUnitReportReporter -->
<testsuite hostname="Vishal-ASUS" failures="0" tests="1" name="testSuite.LandingPageTests" time="3.267" errors="0" timestamp="2024-07-26T08:05:25 IST" skipped="0">
  <testcase classname="testSuite.LandingPageTests" name="errorMessageonLoginTest" time="3.267"/>
</testsuite> <!-- testSuite.LandingPageTests -->
